TN:
SF:app.js
FN:26,(anonymous_0)
FN:36,(anonymous_1)
FNF:2
FNH:2
FNDA:1,(anonymous_0)
FNDA:1,(anonymous_1)
DA:3,2
DA:5,2
DA:6,2
DA:8,2
DA:9,2
DA:10,2
DA:11,2
DA:12,2
DA:13,2
DA:14,2
DA:16,2
DA:18,2
DA:20,2
DA:21,2
DA:22,2
DA:23,2
DA:24,2
DA:26,2
DA:27,1
DA:36,2
DA:37,1
DA:48,2
DA:49,2
DA:51,2
DA:52,2
DA:54,2
LF:26
LH:26
BRDA:30,0,0,1
BRDA:30,0,1,1
BRDA:31,1,0,1
BRDA:31,1,1,1
BRDA:32,2,0,1
BRDA:32,2,1,0
BRDA:40,3,0,1
BRDA:40,3,1,0
BRDA:41,4,0,1
BRDA:41,4,1,0
BRDA:44,5,0,1
BRDA:44,5,1,0
BRF:12
BRH:8
end_of_record
TN:
SF:controllers/pricingController.js
FN:14,calculateQuote
FN:30,recalculateQuote
FN:46,getMetadata
FN:78,getHealth
FNF:4
FNH:4
FNDA:5,calculateQuote
FNDA:4,recalculateQuote
FNDA:5,getMetadata
FNDA:2,getHealth
DA:3,13
DA:4,13
DA:5,13
DA:12,13
DA:15,5
DA:16,5
DA:17,4
DA:19,3
DA:26,2
DA:31,4
DA:32,4
DA:33,4
DA:35,3
DA:42,1
DA:47,5
DA:48,5
DA:50,5
DA:51,5
DA:53,2
DA:54,1
DA:57,3
DA:60,5
DA:74,0
DA:79,2
DA:80,2
DA:86,0
DA:90,13
LF:27
LH:25
BRDA:17,0,0,4
BRDA:17,0,1,0
BRDA:22,1,0,3
BRDA:22,1,1,1
BRDA:33,2,0,4
BRDA:33,2,1,0
BRDA:38,3,0,3
BRDA:38,3,1,1
BRDA:48,4,0,5
BRDA:48,4,1,0
BRDA:53,5,0,1
BRDA:53,5,1,1
BRDA:53,6,0,2
BRDA:53,6,1,2
BRDA:57,7,0,3
BRDA:57,7,1,0
BRDA:63,8,0,5
BRDA:63,8,1,0
BRDA:82,9,0,2
BRDA:82,9,1,0
BRF:20
BRH:14
end_of_record
TN:
SF:middlewares/authMiddleware.js
FN:5,requireAuth
FNF:1
FNH:1
FNDA:12,requireAuth
DA:3,3
DA:6,12
DA:7,12
DA:8,12
DA:10,12
DA:11,0
DA:19,12
DA:20,3
DA:28,9
DA:30,9
DA:31,0
DA:39,9
DA:40,9
DA:45,8
DA:47,8
DA:55,8
DA:57,1
DA:66,3
LF:18
LH:16
BRDA:6,0,0,12
BRDA:6,0,1,2
BRDA:10,1,0,0
BRDA:10,1,1,12
BRDA:15,2,0,0
BRDA:15,2,1,0
BRDA:19,3,0,3
BRDA:19,3,1,9
BRDA:24,4,0,3
BRDA:24,4,1,0
BRDA:30,5,0,0
BRDA:30,5,1,9
BRDA:35,6,0,0
BRDA:35,6,1,0
BRDA:41,7,0,9
BRDA:41,7,1,3
BRDA:42,8,0,9
BRDA:42,8,1,3
BRDA:45,9,0,8
BRDA:45,9,1,1
BRDA:45,9,2,0
BRDA:48,10,0,8
BRDA:48,10,1,1
BRDA:48,10,2,1
BRDA:48,10,3,0
BRDA:49,11,0,8
BRDA:49,11,1,0
BRDA:51,12,0,8
BRDA:51,12,1,6
BRDA:52,13,0,8
BRDA:52,13,1,6
BRDA:61,14,0,1
BRDA:61,14,1,0
BRF:33
BRH:22
end_of_record
TN:
SF:middlewares/errorHandler.js
FN:3,errorHandler
FNF:1
FNH:1
FNDA:4,errorHandler
DA:3,3
DA:4,4
DA:5,4
DA:6,4
DA:8,4
DA:10,4
DA:11,0
DA:20,4
LF:8
LH:7
BRDA:4,0,0,4
BRDA:4,0,1,1
BRDA:5,1,0,4
BRDA:5,1,1,2
BRDA:8,2,0,4
BRDA:8,2,1,0
BRDA:10,3,0,0
BRDA:10,3,1,4
BRDA:12,4,0,0
BRDA:12,4,1,0
BRDA:13,5,0,0
BRDA:13,5,1,0
BRDA:15,6,0,0
BRDA:15,6,1,0
BRDA:16,7,0,0
BRDA:16,7,1,0
BRDA:22,8,0,4
BRDA:22,8,1,1
BRDA:24,9,0,4
BRDA:24,9,1,2
BRDA:25,10,0,4
BRDA:25,10,1,0
BRF:22
BRH:11
end_of_record
TN:
SF:middlewares/notFound.js
FN:3,notFound
FNF:1
FNH:1
FNDA:3,notFound
DA:3,3
DA:4,3
LF:2
LH:2
BRDA:9,0,0,3
BRDA:9,0,1,1
BRF:2
BRH:2
end_of_record
TN:
SF:middlewares/requestContext.js
FN:3,requestContext
FNF:1
FNH:1
FNDA:13,requestContext
DA:5,13
DA:8,13
DA:15,13
DA:16,13
DA:19,3
LF:5
LH:5
BRDA:5,0,0,13
BRDA:5,0,1,11
BRDA:10,1,0,13
BRDA:10,1,1,1
BRDA:12,2,0,13
BRDA:12,2,1,13
BRF:6
BRH:6
end_of_record
TN:
SF:middlewares/requireRole.js
FN:3,requireRole
FN:5,(anonymous_1)
FN:8,(anonymous_2)
FNF:3
FNH:3
FNDA:5,requireRole
FNDA:11,(anonymous_1)
FNDA:5,(anonymous_2)
DA:4,5
DA:5,11
DA:8,5
DA:9,5
DA:11,5
DA:12,3
DA:21,2
DA:25,3
LF:8
LH:8
BRDA:5,0,0,11
BRDA:5,0,1,0
BRDA:9,1,0,5
BRDA:9,1,1,1
BRDA:11,2,0,3
BRDA:11,2,1,2
BRDA:11,3,0,5
BRDA:11,3,1,4
BRDA:11,3,2,4
BRDA:17,4,0,3
BRDA:17,4,1,0
BRF:11
BRH:9
end_of_record
TN:
SF:middlewares/securityHeaders.js
FNF:0
FNH:0
DA:3,2
DA:5,2
DA:7,2
DA:23,2
LF:4
LH:4
BRDA:14,0,0,0
BRDA:14,0,1,2
BRF:2
BRH:1
end_of_record
TN:
SF:routes/pricingRoutes.js
FNF:0
FNH:0
DA:3,2
DA:4,2
DA:5,2
DA:6,2
DA:7,2
DA:9,2
DA:11,2
DA:23,2
DA:35,2
DA:47,2
DA:49,2
DA:56,2
DA:63,2
DA:70,2
DA:78,2
LF:15
LH:15
BRDA:12,0,0,2
BRDA:12,0,1,2
BRDA:13,1,0,2
BRDA:13,1,1,2
BRDA:24,2,0,2
BRDA:24,2,1,2
BRDA:25,3,0,2
BRDA:25,3,1,2
BRDA:36,4,0,2
BRDA:36,4,1,2
BRDA:37,5,0,2
BRDA:37,5,1,2
BRF:12
BRH:12
end_of_record
TN:
SF:services/customsService.js
FN:3,round2
FN:7,calculateCustoms
FNF:2
FNH:2
FNDA:4,round2
FNDA:2,calculateCustoms
DA:4,4
DA:13,2
DA:15,2
DA:16,1
DA:26,1
DA:28,1
DA:29,1
DA:30,1
DA:31,1
DA:33,1
DA:34,1
DA:35,1
DA:37,1
DA:47,1
LF:14
LH:14
BRDA:4,0,0,4
BRDA:4,0,1,0
BRDA:15,1,0,1
BRDA:15,1,1,1
BRDA:15,2,0,2
BRDA:15,2,1,1
BRDA:28,3,0,1
BRDA:28,3,1,0
BRDA:29,4,0,0
BRDA:29,4,1,1
BRDA:30,5,0,0
BRDA:30,5,1,1
BRDA:31,6,0,0
BRDA:31,6,1,1
BRDA:34,7,0,1
BRDA:34,7,1,0
BRF:16
BRH:10
end_of_record
TN:
SF:services/discountService.js
FN:3,round2
FN:7,calculateDiscount
FNF:2
FNH:2
FNDA:2,round2
FNDA:2,calculateDiscount
DA:4,2
DA:8,2
DA:10,2
DA:11,0
DA:19,2
DA:21,2
DA:22,1
DA:30,1
DA:31,0
DA:39,1
DA:40,1
DA:48,0
DA:56,1
LF:13
LH:10
BRDA:4,0,0,2
BRDA:4,0,1,0
BRDA:10,1,0,0
BRDA:10,1,1,2
BRDA:21,2,0,1
BRDA:21,2,1,1
BRDA:30,3,0,0
BRDA:30,3,1,1
BRDA:39,4,0,1
BRDA:39,4,1,0
BRDA:39,5,0,1
BRDA:39,5,1,1
BRF:12
BRH:8
end_of_record
TN:
SF:services/exchangeRateService.js
FN:15,normalizeCurrency
FN:19,getRate
FN:37,convertAmount
FNF:3
FNH:3
FNDA:8,normalizeCurrency
FNDA:2,getRate
FNDA:2,convertAmount
DA:3,1
DA:16,8
DA:20,2
DA:21,2
DA:23,2
DA:24,0
DA:27,2
DA:28,0
DA:31,2
DA:32,2
DA:34,2
DA:38,2
DA:39,2
DA:41,2
DA:51,1
LF:15
LH:13
BRDA:16,0,0,8
BRDA:16,0,1,0
BRDA:23,1,0,0
BRDA:23,1,1,2
BRDA:27,2,0,0
BRDA:27,2,1,2
BRDA:38,3,0,2
BRDA:38,3,1,0
BRDA:46,4,0,2
BRDA:46,4,1,0
BRF:10
BRH:5
end_of_record
TN:
SF:services/partnerPricingService.js
FN:3,round2
FN:7,getPartnerAdjustment
FNF:2
FNH:2
FNDA:2,round2
FNDA:2,getPartnerAdjustment
DA:4,2
DA:8,2
DA:10,2
DA:11,2
DA:13,2
DA:14,0
DA:15,0
DA:18,2
DA:19,1
DA:20,1
DA:23,2
DA:24,1
DA:25,1
DA:28,2
DA:30,2
DA:39,1
LF:16
LH:14
BRDA:4,0,0,2
BRDA:4,0,1,1
BRDA:13,1,0,0
BRDA:13,1,1,2
BRDA:18,2,0,1
BRDA:18,2,1,1
BRDA:23,3,0,1
BRDA:23,3,1,1
BRDA:23,4,0,2
BRDA:23,4,1,1
BRDA:32,5,0,2
BRDA:32,5,1,1
BRF:12
BRH:11
end_of_record
TN:
SF:services/pricingService.js
FN:10,round2
FN:14,volumetricWeightKg
FN:26,getChargeableWeight
FN:30,getServiceLevelMultiplier
FN:42,getTransportModeBaseRate
FN:53,getCourierMultiplier
FN:66,buildSurcharges
FN:110,calculateBaseFreight
FN:129,calculateInsurance
FN:135,calculateShipmentPricing
FN:158,(anonymous_10)
FN:296,getPricingHealth
FNF:12
FNH:11
FNDA:31,round2
FNDA:2,volumetricWeightKg
FNDA:2,getChargeableWeight
FNDA:2,getServiceLevelMultiplier
FNDA:2,getTransportModeBaseRate
FNDA:2,getCourierMultiplier
FNDA:2,buildSurcharges
FNDA:2,calculateBaseFreight
FNDA:2,calculateInsurance
FNDA:2,calculateShipmentPricing
FNDA:8,(anonymous_10)
FNDA:0,getPricingHealth
DA:3,1
DA:4,1
DA:5,1
DA:6,1
DA:7,1
DA:8,1
DA:11,31
DA:15,2
DA:22,2
DA:23,2
DA:27,2
DA:31,2
DA:39,2
DA:43,2
DA:50,2
DA:54,2
DA:63,2
DA:67,2
DA:69,2
DA:70,2
DA:71,2
DA:77,2
DA:78,2
DA:85,2
DA:86,0
DA:93,2
DA:99,2
DA:100,2
DA:107,2
DA:111,2
DA:112,2
DA:113,2
DA:115,2
DA:116,2
DA:117,2
DA:119,2
DA:130,2
DA:131,1
DA:132,1
DA:136,2
DA:143,2
DA:145,2
DA:150,2
DA:152,2
DA:157,2
DA:158,8
DA:161,2
DA:168,2
DA:172,2
DA:178,2
DA:180,2
DA:186,2
DA:188,2
DA:195,2
DA:196,2
DA:198,2
DA:202,2
DA:208,2
DA:216,2
DA:297,0
DA:305,1
LF:61
LH:59
BRDA:11,0,0,31
BRDA:11,0,1,0
BRDA:22,1,0,2
BRDA:22,1,1,0
BRDA:39,2,0,2
BRDA:39,2,1,0
BRDA:50,3,0,2
BRDA:50,3,1,0
BRDA:63,4,0,2
BRDA:63,4,1,0
BRDA:69,5,0,2
BRDA:69,5,1,0
BRDA:77,6,0,2
BRDA:77,6,1,0
BRDA:81,7,0,2
BRDA:81,7,1,0
BRDA:85,8,0,0
BRDA:85,8,1,2
BRDA:96,9,0,2
BRDA:96,9,1,0
BRDA:99,10,0,2
BRDA:99,10,1,0
BRDA:103,11,0,2
BRDA:103,11,1,0
BRDA:130,12,0,1
BRDA:130,12,1,1
BRDA:131,13,0,1
BRDA:131,13,1,0
BRDA:135,14,0,0
BRDA:158,15,0,8
BRDA:158,15,1,0
BRDA:175,16,0,2
BRDA:175,16,1,2
BRDA:175,16,2,1
BRDA:195,17,0,2
BRDA:195,17,1,0
BRDA:220,18,0,2
BRDA:220,18,1,0
BRDA:222,19,0,2
BRDA:222,19,1,0
BRDA:223,20,0,2
BRDA:223,20,1,0
BRDA:224,21,0,2
BRDA:224,21,1,1
BRDA:225,22,0,2
BRDA:225,22,1,1
BRDA:285,23,0,2
BRDA:285,23,1,1
BRDA:289,24,0,2
BRDA:289,24,1,0
BRDA:290,25,0,2
BRDA:290,25,1,0
BRDA:291,26,0,2
BRDA:291,26,1,0
BRDA:298,27,0,0
BRDA:298,27,1,0
BRDA:299,28,0,0
BRDA:299,28,1,0
BRF:58
BRH:32
end_of_record
TN:
SF:services/taxService.js
FN:3,round2
FN:7,calculateTax
FNF:2
FNH:2
FNDA:5,round2
FNDA:2,calculateTax
DA:4,5
DA:13,2
DA:15,2
DA:16,2
DA:18,2
DA:19,1
DA:20,1
DA:22,1
DA:40,1
DA:41,1
DA:43,1
DA:61,0
DA:79,1
LF:13
LH:12
BRDA:4,0,0,5
BRDA:4,0,1,0
BRDA:15,1,0,2
BRDA:15,1,1,0
BRDA:16,2,0,2
BRDA:16,2,1,0
BRDA:18,3,0,1
BRDA:18,3,1,1
BRDA:18,4,0,2
BRDA:18,4,1,1
BRDA:18,4,2,1
BRDA:40,5,0,1
BRDA:40,5,1,0
BRF:13
BRH:9
end_of_record
TN:
SF:validators/pricingValidator.js
FN:12,toNumber
FN:18,normalizeUpper
FN:23,assertEnum
FN:33,validateCalculatePricingPayload
FNF:4
FNH:4
FNDA:119,toNumber
FNDA:194,normalizeUpper
FNDA:100,assertEnum
FNDA:22,validateCalculatePricingPayload
DA:3,14
DA:10,14
DA:13,119
DA:14,93
DA:15,93
DA:19,194
DA:20,34
DA:24,100
DA:25,5
DA:34,22
DA:35,22
DA:36,22
DA:37,22
DA:38,22
DA:39,22
DA:40,22
DA:42,22
DA:43,21
DA:44,20
DA:45,19
DA:46,18
DA:48,17
DA:49,17
DA:50,17
DA:51,17
DA:52,17
DA:53,17
DA:54,17
DA:55,17
DA:56,17
DA:57,17
DA:58,17
DA:59,17
DA:61,17
DA:62,1
DA:67,16
DA:68,1
DA:73,15
DA:74,1
DA:79,14
DA:80,1
DA:85,13
DA:86,1
DA:91,12
DA:92,1
DA:97,11
DA:98,1
DA:103,10
DA:136,14
LF:49
LH:49
BRDA:12,0,0,85
BRDA:13,1,0,26
BRDA:13,1,1,93
BRDA:13,2,0,119
BRDA:13,2,1,93
BRDA:13,2,2,93
BRDA:15,3,0,93
BRDA:15,3,1,0
BRDA:18,4,0,0
BRDA:19,5,0,160
BRDA:19,5,1,34
BRDA:19,6,0,194
BRDA:19,6,1,34
BRDA:19,6,2,34
BRDA:24,7,0,5
BRDA:24,7,1,95
BRDA:33,8,0,0
BRDA:38,9,0,22
BRDA:38,9,1,0
BRDA:39,10,0,22
BRDA:39,10,1,0
BRDA:61,11,0,1
BRDA:61,11,1,16
BRDA:61,12,0,17
BRDA:61,12,1,17
BRDA:67,13,0,1
BRDA:67,13,1,15
BRDA:67,14,0,16
BRDA:67,14,1,16
BRDA:73,15,0,1
BRDA:73,15,1,14
BRDA:73,16,0,15
BRDA:73,16,1,15
BRDA:79,17,0,1
BRDA:79,17,1,13
BRDA:79,18,0,14
BRDA:79,18,1,14
BRDA:85,19,0,1
BRDA:85,19,1,12
BRDA:85,20,0,13
BRDA:85,20,1,13
BRDA:91,21,0,1
BRDA:91,21,1,11
BRDA:91,22,0,12
BRDA:91,22,1,12
BRDA:97,23,0,1
BRDA:97,23,1,10
BRDA:97,24,0,11
BRDA:97,24,1,11
BRDA:125,25,0,10
BRDA:125,25,1,10
BRDA:126,26,0,10
BRDA:126,26,1,10
BRDA:128,27,0,1
BRDA:128,27,1,9
BRDA:129,28,0,2
BRDA:129,28,1,8
BRDA:130,29,0,0
BRDA:130,29,1,10
BRDA:132,30,0,1
BRDA:132,30,1,9
BRDA:132,31,0,10
BRDA:132,31,1,2
BRF:63
BRH:57
end_of_record
